[01-Dec-2020 03:59:59 UTC] PHP Parse error:  syntax error, unexpected 'function' (T_FUNCTION) in C:\Users\sej\Local Sites\wordpress-for-beginners-tutorials\app\public\wp-content\themes\1.04-phpforwp-starter\index.php on line 35
[01-Dec-2020 04:47:03 UTC] PHP Warning:  An unexpected error occurred. Something may be wrong with WordPress.org or this server&#8217;s configuration. If you continue to have problems, please try the <a href="https://wordpress.org/support/forums/">support forums</a>. (WordPress could not establish a secure connection to WordPress.org. Please contact your server administrator.) in C:\Users\sej\Local Sites\wordpress-for-beginners-tutorials\app\public\wp-includes\update.php on line 403
[01-Dec-2020 04:47:03 UTC] PHP Stack trace:
[01-Dec-2020 04:47:03 UTC] PHP   1. {main}() C:\Users\sej\Local Sites\wordpress-for-beginners-tutorials\app\public\wp-admin\update.php:0
[01-Dec-2020 04:47:03 UTC] PHP   2. Theme_Upgrader->install() C:\Users\sej\Local Sites\wordpress-for-beginners-tutorials\app\public\wp-admin\update.php:314
[01-Dec-2020 04:47:03 UTC] PHP   3. Theme_Upgrader->run() C:\Users\sej\Local Sites\wordpress-for-beginners-tutorials\app\public\wp-admin\includes\class-theme-upgrader.php:250
[01-Dec-2020 04:47:03 UTC] PHP   4. do_action() C:\Users\sej\Local Sites\wordpress-for-beginners-tutorials\app\public\wp-admin\includes\class-wp-upgrader.php:847
[01-Dec-2020 04:47:03 UTC] PHP   5. WP_Hook->do_action() C:\Users\sej\Local Sites\wordpress-for-beginners-tutorials\app\public\wp-includes\plugin.php:478
[01-Dec-2020 04:47:03 UTC] PHP   6. WP_Hook->apply_filters() C:\Users\sej\Local Sites\wordpress-for-beginners-tutorials\app\public\wp-includes\class-wp-hook.php:311
[01-Dec-2020 04:47:03 UTC] PHP   7. wp_update_plugins() C:\Users\sej\Local Sites\wordpress-for-beginners-tutorials\app\public\wp-includes\class-wp-hook.php:285
[01-Dec-2020 04:47:03 UTC] PHP   8. trigger_error() C:\Users\sej\Local Sites\wordpress-for-beginners-tutorials\app\public\wp-includes\update.php:403
[01-Dec-2020 04:47:07 UTC] PHP Warning:  An unexpected error occurred. Something may be wrong with WordPress.org or this server&#8217;s configuration. If you continue to have problems, please try the <a href="https://wordpress.org/support/forums/">support forums</a>. (WordPress could not establish a secure connection to WordPress.org. Please contact your server administrator.) in C:\Users\sej\Local Sites\wordpress-for-beginners-tutorials\app\public\wp-includes\update.php on line 607
[01-Dec-2020 04:47:07 UTC] PHP Stack trace:
[01-Dec-2020 04:47:07 UTC] PHP   1. {main}() C:\Users\sej\Local Sites\wordpress-for-beginners-tutorials\app\public\wp-admin\update.php:0
[01-Dec-2020 04:47:07 UTC] PHP   2. Theme_Upgrader->install() C:\Users\sej\Local Sites\wordpress-for-beginners-tutorials\app\public\wp-admin\update.php:314
[01-Dec-2020 04:47:07 UTC] PHP   3. Theme_Upgrader->run() C:\Users\sej\Local Sites\wordpress-for-beginners-tutorials\app\public\wp-admin\includes\class-theme-upgrader.php:250
[01-Dec-2020 04:47:07 UTC] PHP   4. do_action() C:\Users\sej\Local Sites\wordpress-for-beginners-tutorials\app\public\wp-admin\includes\class-wp-upgrader.php:847
[01-Dec-2020 04:47:07 UTC] PHP   5. WP_Hook->do_action() C:\Users\sej\Local Sites\wordpress-for-beginners-tutorials\app\public\wp-includes\plugin.php:478
[01-Dec-2020 04:47:07 UTC] PHP   6. WP_Hook->apply_filters() C:\Users\sej\Local Sites\wordpress-for-beginners-tutorials\app\public\wp-includes\class-wp-hook.php:311
[01-Dec-2020 04:47:07 UTC] PHP   7. wp_update_themes() C:\Users\sej\Local Sites\wordpress-for-beginners-tutorials\app\public\wp-includes\class-wp-hook.php:285
[01-Dec-2020 04:47:07 UTC] PHP   8. trigger_error() C:\Users\sej\Local Sites\wordpress-for-beginners-tutorials\app\public\wp-includes\update.php:607
[01-Dec-2020 04:55:35 UTC] PHP Warning:  An unexpected error occurred. Something may be wrong with WordPress.org or this server&#8217;s configuration. If you continue to have problems, please try the <a href="https://wordpress.org/support/forums/">support forums</a>. (WordPress could not establish a secure connection to WordPress.org. Please contact your server administrator.) in C:\Users\sej\Local Sites\wordpress-for-beginners-tutorials\app\public\wp-includes\update.php on line 403
[01-Dec-2020 04:55:35 UTC] PHP Stack trace:
[01-Dec-2020 04:55:35 UTC] PHP   1. {main}() C:\Users\sej\Local Sites\wordpress-for-beginners-tutorials\app\public\wp-admin\update.php:0
[01-Dec-2020 04:55:35 UTC] PHP   2. Theme_Upgrader->install() C:\Users\sej\Local Sites\wordpress-for-beginners-tutorials\app\public\wp-admin\update.php:314
[01-Dec-2020 04:55:35 UTC] PHP   3. Theme_Upgrader->run() C:\Users\sej\Local Sites\wordpress-for-beginners-tutorials\app\public\wp-admin\includes\class-theme-upgrader.php:250
[01-Dec-2020 04:55:35 UTC] PHP   4. do_action() C:\Users\sej\Local Sites\wordpress-for-beginners-tutorials\app\public\wp-admin\includes\class-wp-upgrader.php:847
[01-Dec-2020 04:55:35 UTC] PHP   5. WP_Hook->do_action() C:\Users\sej\Local Sites\wordpress-for-beginners-tutorials\app\public\wp-includes\plugin.php:478
[01-Dec-2020 04:55:35 UTC] PHP   6. WP_Hook->apply_filters() C:\Users\sej\Local Sites\wordpress-for-beginners-tutorials\app\public\wp-includes\class-wp-hook.php:311
[01-Dec-2020 04:55:35 UTC] PHP   7. wp_update_plugins() C:\Users\sej\Local Sites\wordpress-for-beginners-tutorials\app\public\wp-includes\class-wp-hook.php:285
[01-Dec-2020 04:55:35 UTC] PHP   8. trigger_error() C:\Users\sej\Local Sites\wordpress-for-beginners-tutorials\app\public\wp-includes\update.php:403
[01-Dec-2020 07:08:41 UTC] PHP Warning:  An unexpected error occurred. Something may be wrong with WordPress.org or this server&#8217;s configuration. If you continue to have problems, please try the <a href="https://wordpress.org/support/forums/">support forums</a>. (WordPress could not establish a secure connection to WordPress.org. Please contact your server administrator.) in C:\Users\sej\Local Sites\wordpress-for-beginners-tutorials\app\public\wp-includes\update.php on line 403
[01-Dec-2020 07:08:41 UTC] PHP Stack trace:
[01-Dec-2020 07:08:41 UTC] PHP   1. {main}() C:\Users\sej\Local Sites\wordpress-for-beginners-tutorials\app\public\wp-admin\update.php:0
[01-Dec-2020 07:08:41 UTC] PHP   2. Theme_Upgrader->install() C:\Users\sej\Local Sites\wordpress-for-beginners-tutorials\app\public\wp-admin\update.php:314
[01-Dec-2020 07:08:41 UTC] PHP   3. Theme_Upgrader->run() C:\Users\sej\Local Sites\wordpress-for-beginners-tutorials\app\public\wp-admin\includes\class-theme-upgrader.php:250
[01-Dec-2020 07:08:41 UTC] PHP   4. do_action() C:\Users\sej\Local Sites\wordpress-for-beginners-tutorials\app\public\wp-admin\includes\class-wp-upgrader.php:847
[01-Dec-2020 07:08:41 UTC] PHP   5. WP_Hook->do_action() C:\Users\sej\Local Sites\wordpress-for-beginners-tutorials\app\public\wp-includes\plugin.php:478
[01-Dec-2020 07:08:41 UTC] PHP   6. WP_Hook->apply_filters() C:\Users\sej\Local Sites\wordpress-for-beginners-tutorials\app\public\wp-includes\class-wp-hook.php:311
[01-Dec-2020 07:08:41 UTC] PHP   7. wp_update_plugins() C:\Users\sej\Local Sites\wordpress-for-beginners-tutorials\app\public\wp-includes\class-wp-hook.php:285
[01-Dec-2020 07:08:41 UTC] PHP   8. trigger_error() C:\Users\sej\Local Sites\wordpress-for-beginners-tutorials\app\public\wp-includes\update.php:403
[01-Dec-2020 07:08:45 UTC] PHP Warning:  An unexpected error occurred. Something may be wrong with WordPress.org or this server&#8217;s configuration. If you continue to have problems, please try the <a href="https://wordpress.org/support/forums/">support forums</a>. (WordPress could not establish a secure connection to WordPress.org. Please contact your server administrator.) in C:\Users\sej\Local Sites\wordpress-for-beginners-tutorials\app\public\wp-includes\update.php on line 607
[01-Dec-2020 07:08:45 UTC] PHP Stack trace:
[01-Dec-2020 07:08:45 UTC] PHP   1. {main}() C:\Users\sej\Local Sites\wordpress-for-beginners-tutorials\app\public\wp-admin\update.php:0
[01-Dec-2020 07:08:45 UTC] PHP   2. Theme_Upgrader->install() C:\Users\sej\Local Sites\wordpress-for-beginners-tutorials\app\public\wp-admin\update.php:314
[01-Dec-2020 07:08:45 UTC] PHP   3. Theme_Upgrader->run() C:\Users\sej\Local Sites\wordpress-for-beginners-tutorials\app\public\wp-admin\includes\class-theme-upgrader.php:250
[01-Dec-2020 07:08:45 UTC] PHP   4. do_action() C:\Users\sej\Local Sites\wordpress-for-beginners-tutorials\app\public\wp-admin\includes\class-wp-upgrader.php:847
[01-Dec-2020 07:08:45 UTC] PHP   5. WP_Hook->do_action() C:\Users\sej\Local Sites\wordpress-for-beginners-tutorials\app\public\wp-includes\plugin.php:478
[01-Dec-2020 07:08:45 UTC] PHP   6. WP_Hook->apply_filters() C:\Users\sej\Local Sites\wordpress-for-beginners-tutorials\app\public\wp-includes\class-wp-hook.php:311
[01-Dec-2020 07:08:45 UTC] PHP   7. wp_update_themes() C:\Users\sej\Local Sites\wordpress-for-beginners-tutorials\app\public\wp-includes\class-wp-hook.php:285
[01-Dec-2020 07:08:45 UTC] PHP   8. trigger_error() C:\Users\sej\Local Sites\wordpress-for-beginners-tutorials\app\public\wp-includes\update.php:607
[01-Dec-2020 07:22:35 UTC] PHP Warning:  An unexpected error occurred. Something may be wrong with WordPress.org or this server&#8217;s configuration. If you continue to have problems, please try the <a href="https://wordpress.org/support/forums/">support forums</a>. (WordPress could not establish a secure connection to WordPress.org. Please contact your server administrator.) in C:\Users\sej\Local Sites\wordpress-for-beginners-tutorials\app\public\wp-admin\includes\translation-install.php on line 68
[01-Dec-2020 07:22:35 UTC] PHP Stack trace:
[01-Dec-2020 07:22:35 UTC] PHP   1. {main}() C:\Users\sej\Local Sites\wordpress-for-beginners-tutorials\app\public\wp-admin\options-general.php:0
[01-Dec-2020 07:22:35 UTC] PHP   2. wp_get_available_translations() C:\Users\sej\Local Sites\wordpress-for-beginners-tutorials\app\public\wp-admin\options-general.php:159
[01-Dec-2020 07:22:35 UTC] PHP   3. translations_api() C:\Users\sej\Local Sites\wordpress-for-beginners-tutorials\app\public\wp-admin\includes\translation-install.php:133
[01-Dec-2020 07:22:35 UTC] PHP   4. trigger_error() C:\Users\sej\Local Sites\wordpress-for-beginners-tutorials\app\public\wp-admin\includes\translation-install.php:68
[01-Dec-2020 07:46:40 UTC] PHP Warning:  An unexpected error occurred. Something may be wrong with WordPress.org or this server&#8217;s configuration. If you continue to have problems, please try the <a href="https://wordpress.org/support/forums/">support forums</a>. (WordPress could not establish a secure connection to WordPress.org. Please contact your server administrator.) in C:\Users\sej\Local Sites\wordpress-for-beginners-tutorials\app\public\wp-includes\update.php on line 403
[01-Dec-2020 07:46:40 UTC] PHP Stack trace:
[01-Dec-2020 07:46:40 UTC] PHP   1. {main}() C:\Users\sej\Local Sites\wordpress-for-beginners-tutorials\app\public\wp-admin\update.php:0
[01-Dec-2020 07:46:40 UTC] PHP   2. Theme_Upgrader->install() C:\Users\sej\Local Sites\wordpress-for-beginners-tutorials\app\public\wp-admin\update.php:314
[01-Dec-2020 07:46:40 UTC] PHP   3. Theme_Upgrader->run() C:\Users\sej\Local Sites\wordpress-for-beginners-tutorials\app\public\wp-admin\includes\class-theme-upgrader.php:250
[01-Dec-2020 07:46:40 UTC] PHP   4. do_action() C:\Users\sej\Local Sites\wordpress-for-beginners-tutorials\app\public\wp-admin\includes\class-wp-upgrader.php:847
[01-Dec-2020 07:46:40 UTC] PHP   5. WP_Hook->do_action() C:\Users\sej\Local Sites\wordpress-for-beginners-tutorials\app\public\wp-includes\plugin.php:478
[01-Dec-2020 07:46:40 UTC] PHP   6. WP_Hook->apply_filters() C:\Users\sej\Local Sites\wordpress-for-beginners-tutorials\app\public\wp-includes\class-wp-hook.php:311
[01-Dec-2020 07:46:40 UTC] PHP   7. wp_update_plugins() C:\Users\sej\Local Sites\wordpress-for-beginners-tutorials\app\public\wp-includes\class-wp-hook.php:285
[01-Dec-2020 07:46:40 UTC] PHP   8. trigger_error() C:\Users\sej\Local Sites\wordpress-for-beginners-tutorials\app\public\wp-includes\update.php:403
[01-Dec-2020 07:46:45 UTC] PHP Warning:  An unexpected error occurred. Something may be wrong with WordPress.org or this server&#8217;s configuration. If you continue to have problems, please try the <a href="https://wordpress.org/support/forums/">support forums</a>. (WordPress could not establish a secure connection to WordPress.org. Please contact your server administrator.) in C:\Users\sej\Local Sites\wordpress-for-beginners-tutorials\app\public\wp-includes\update.php on line 607
[01-Dec-2020 07:46:45 UTC] PHP Stack trace:
[01-Dec-2020 07:46:45 UTC] PHP   1. {main}() C:\Users\sej\Local Sites\wordpress-for-beginners-tutorials\app\public\wp-admin\update.php:0
[01-Dec-2020 07:46:45 UTC] PHP   2. Theme_Upgrader->install() C:\Users\sej\Local Sites\wordpress-for-beginners-tutorials\app\public\wp-admin\update.php:314
[01-Dec-2020 07:46:45 UTC] PHP   3. Theme_Upgrader->run() C:\Users\sej\Local Sites\wordpress-for-beginners-tutorials\app\public\wp-admin\includes\class-theme-upgrader.php:250
[01-Dec-2020 07:46:45 UTC] PHP   4. do_action() C:\Users\sej\Local Sites\wordpress-for-beginners-tutorials\app\public\wp-admin\includes\class-wp-upgrader.php:847
[01-Dec-2020 07:46:45 UTC] PHP   5. WP_Hook->do_action() C:\Users\sej\Local Sites\wordpress-for-beginners-tutorials\app\public\wp-includes\plugin.php:478
[01-Dec-2020 07:46:45 UTC] PHP   6. WP_Hook->apply_filters() C:\Users\sej\Local Sites\wordpress-for-beginners-tutorials\app\public\wp-includes\class-wp-hook.php:311
[01-Dec-2020 07:46:45 UTC] PHP   7. wp_update_themes() C:\Users\sej\Local Sites\wordpress-for-beginners-tutorials\app\public\wp-includes\class-wp-hook.php:285
[01-Dec-2020 07:46:45 UTC] PHP   8. trigger_error() C:\Users\sej\Local Sites\wordpress-for-beginners-tutorials\app\public\wp-includes\update.php:607
[01-Dec-2020 09:14:34 UTC] PHP Fatal error:  Uncaught Error: Call to undefined function get_header() in C:\Users\sej\Local Sites\wordpress-for-beginners-tutorials\app\public\wp-content\themes\1.14-phpforwp-starter\index.php:1
Stack trace:
#0 {main}
  thrown in C:\Users\sej\Local Sites\wordpress-for-beginners-tutorials\app\public\wp-content\themes\1.14-phpforwp-starter\index.php on line 1
[02-Dec-2020 06:10:19 UTC] PHP Warning:  An unexpected error occurred. Something may be wrong with WordPress.org or this server&#8217;s configuration. If you continue to have problems, please try the <a href="https://wordpress.org/support/forums/">support forums</a>. (WordPress could not establish a secure connection to WordPress.org. Please contact your server administrator.) in C:\Users\sej\Local Sites\wordpress-for-beginners-tutorials\app\public\wp-includes\update.php on line 168
[02-Dec-2020 06:10:19 UTC] PHP Stack trace:
[02-Dec-2020 06:10:19 UTC] PHP   1. {main}() C:\Users\sej\Local Sites\wordpress-for-beginners-tutorials\app\public\wp-admin\update.php:0
[02-Dec-2020 06:10:19 UTC] PHP   2. Theme_Upgrader->install() C:\Users\sej\Local Sites\wordpress-for-beginners-tutorials\app\public\wp-admin\update.php:314
[02-Dec-2020 06:10:19 UTC] PHP   3. Theme_Upgrader->run() C:\Users\sej\Local Sites\wordpress-for-beginners-tutorials\app\public\wp-admin\includes\class-theme-upgrader.php:250
[02-Dec-2020 06:10:19 UTC] PHP   4. Theme_Upgrader->install_package() C:\Users\sej\Local Sites\wordpress-for-beginners-tutorials\app\public\wp-admin\includes\class-wp-upgrader.php:797
[02-Dec-2020 06:10:19 UTC] PHP   5. apply_filters() C:\Users\sej\Local Sites\wordpress-for-beginners-tutorials\app\public\wp-admin\includes\class-wp-upgrader.php:624
[02-Dec-2020 06:10:19 UTC] PHP   6. WP_Hook->apply_filters() C:\Users\sej\Local Sites\wordpress-for-beginners-tutorials\app\public\wp-includes\plugin.php:206
[02-Dec-2020 06:10:19 UTC] PHP   7. Theme_Upgrader->check_parent_theme_filter() C:\Users\sej\Local Sites\wordpress-for-beginners-tutorials\app\public\wp-includes\class-wp-hook.php:287
[02-Dec-2020 06:10:19 UTC] PHP   8. Theme_Upgrader->run() C:\Users\sej\Local Sites\wordpress-for-beginners-tutorials\app\public\wp-admin\includes\class-theme-upgrader.php:175
[02-Dec-2020 06:10:19 UTC] PHP   9. do_action() C:\Users\sej\Local Sites\wordpress-for-beginners-tutorials\app\public\wp-admin\includes\class-wp-upgrader.php:847
[02-Dec-2020 06:10:19 UTC] PHP  10. WP_Hook->do_action() C:\Users\sej\Local Sites\wordpress-for-beginners-tutorials\app\public\wp-includes\plugin.php:478
[02-Dec-2020 06:10:19 UTC] PHP  11. WP_Hook->apply_filters() C:\Users\sej\Local Sites\wordpress-for-beginners-tutorials\app\public\wp-includes\class-wp-hook.php:311
[02-Dec-2020 06:10:19 UTC] PHP  12. wp_version_check() C:\Users\sej\Local Sites\wordpress-for-beginners-tutorials\app\public\wp-includes\class-wp-hook.php:285
[02-Dec-2020 06:10:19 UTC] PHP  13. trigger_error() C:\Users\sej\Local Sites\wordpress-for-beginners-tutorials\app\public\wp-includes\update.php:168
[02-Dec-2020 06:10:29 UTC] PHP Warning:  An unexpected error occurred. Something may be wrong with WordPress.org or this server&#8217;s configuration. If you continue to have problems, please try the <a href="https://wordpress.org/support/forums/">support forums</a>. (WordPress could not establish a secure connection to WordPress.org. Please contact your server administrator.) in C:\Users\sej\Local Sites\wordpress-for-beginners-tutorials\app\public\wp-includes\update.php on line 607
[02-Dec-2020 06:10:29 UTC] PHP Stack trace:
[02-Dec-2020 06:10:29 UTC] PHP   1. {main}() C:\Users\sej\Local Sites\wordpress-for-beginners-tutorials\app\public\wp-admin\update.php:0
[02-Dec-2020 06:10:29 UTC] PHP   2. Theme_Upgrader->install() C:\Users\sej\Local Sites\wordpress-for-beginners-tutorials\app\public\wp-admin\update.php:314
[02-Dec-2020 06:10:29 UTC] PHP   3. Theme_Upgrader->run() C:\Users\sej\Local Sites\wordpress-for-beginners-tutorials\app\public\wp-admin\includes\class-theme-upgrader.php:250
[02-Dec-2020 06:10:29 UTC] PHP   4. do_action() C:\Users\sej\Local Sites\wordpress-for-beginners-tutorials\app\public\wp-admin\includes\class-wp-upgrader.php:847
[02-Dec-2020 06:10:29 UTC] PHP   5. WP_Hook->do_action() C:\Users\sej\Local Sites\wordpress-for-beginners-tutorials\app\public\wp-includes\plugin.php:478
[02-Dec-2020 06:10:29 UTC] PHP   6. WP_Hook->apply_filters() C:\Users\sej\Local Sites\wordpress-for-beginners-tutorials\app\public\wp-includes\class-wp-hook.php:311
[02-Dec-2020 06:10:29 UTC] PHP   7. wp_update_themes() C:\Users\sej\Local Sites\wordpress-for-beginners-tutorials\app\public\wp-includes\class-wp-hook.php:285
[02-Dec-2020 06:10:29 UTC] PHP   8. trigger_error() C:\Users\sej\Local Sites\wordpress-for-beginners-tutorials\app\public\wp-includes\update.php:607
[02-Dec-2020 06:37:09 UTC] PHP Warning:  An unexpected error occurred. Something may be wrong with WordPress.org or this server&#8217;s configuration. If you continue to have problems, please try the <a href="https://wordpress.org/support/forums/">support forums</a>. (WordPress could not establish a secure connection to WordPress.org. Please contact your server administrator.) in C:\Users\sej\Local Sites\wordpress-for-beginners-tutorials\app\public\wp-includes\update.php on line 168
[02-Dec-2020 06:37:09 UTC] PHP Stack trace:
[02-Dec-2020 06:37:09 UTC] PHP   1. {main}() C:\Users\sej\Local Sites\wordpress-for-beginners-tutorials\app\public\wp-admin\update.php:0
[02-Dec-2020 06:37:09 UTC] PHP   2. Theme_Upgrader->install() C:\Users\sej\Local Sites\wordpress-for-beginners-tutorials\app\public\wp-admin\update.php:314
[02-Dec-2020 06:37:09 UTC] PHP   3. Theme_Upgrader->run() C:\Users\sej\Local Sites\wordpress-for-beginners-tutorials\app\public\wp-admin\includes\class-theme-upgrader.php:250
[02-Dec-2020 06:37:09 UTC] PHP   4. do_action() C:\Users\sej\Local Sites\wordpress-for-beginners-tutorials\app\public\wp-admin\includes\class-wp-upgrader.php:847
[02-Dec-2020 06:37:09 UTC] PHP   5. WP_Hook->do_action() C:\Users\sej\Local Sites\wordpress-for-beginners-tutorials\app\public\wp-includes\plugin.php:478
[02-Dec-2020 06:37:09 UTC] PHP   6. WP_Hook->apply_filters() C:\Users\sej\Local Sites\wordpress-for-beginners-tutorials\app\public\wp-includes\class-wp-hook.php:311
[02-Dec-2020 06:37:09 UTC] PHP   7. wp_version_check() C:\Users\sej\Local Sites\wordpress-for-beginners-tutorials\app\public\wp-includes\class-wp-hook.php:285
[02-Dec-2020 06:37:09 UTC] PHP   8. trigger_error() C:\Users\sej\Local Sites\wordpress-for-beginners-tutorials\app\public\wp-includes\update.php:168
[02-Dec-2020 06:37:17 UTC] PHP Warning:  An unexpected error occurred. Something may be wrong with WordPress.org or this server&#8217;s configuration. If you continue to have problems, please try the <a href="https://wordpress.org/support/forums/">support forums</a>. (WordPress could not establish a secure connection to WordPress.org. Please contact your server administrator.) in C:\Users\sej\Local Sites\wordpress-for-beginners-tutorials\app\public\wp-includes\update.php on line 607
[02-Dec-2020 06:37:17 UTC] PHP Stack trace:
[02-Dec-2020 06:37:17 UTC] PHP   1. {main}() C:\Users\sej\Local Sites\wordpress-for-beginners-tutorials\app\public\wp-admin\update.php:0
[02-Dec-2020 06:37:17 UTC] PHP   2. Theme_Upgrader->install() C:\Users\sej\Local Sites\wordpress-for-beginners-tutorials\app\public\wp-admin\update.php:314
[02-Dec-2020 06:37:17 UTC] PHP   3. Theme_Upgrader->run() C:\Users\sej\Local Sites\wordpress-for-beginners-tutorials\app\public\wp-admin\includes\class-theme-upgrader.php:250
[02-Dec-2020 06:37:17 UTC] PHP   4. do_action() C:\Users\sej\Local Sites\wordpress-for-beginners-tutorials\app\public\wp-admin\includes\class-wp-upgrader.php:847
[02-Dec-2020 06:37:17 UTC] PHP   5. WP_Hook->do_action() C:\Users\sej\Local Sites\wordpress-for-beginners-tutorials\app\public\wp-includes\plugin.php:478
[02-Dec-2020 06:37:17 UTC] PHP   6. WP_Hook->apply_filters() C:\Users\sej\Local Sites\wordpress-for-beginners-tutorials\app\public\wp-includes\class-wp-hook.php:311
[02-Dec-2020 06:37:17 UTC] PHP   7. wp_update_themes() C:\Users\sej\Local Sites\wordpress-for-beginners-tutorials\app\public\wp-includes\class-wp-hook.php:285
[02-Dec-2020 06:37:17 UTC] PHP   8. trigger_error() C:\Users\sej\Local Sites\wordpress-for-beginners-tutorials\app\public\wp-includes\update.php:607
[02-Dec-2020 06:41:57 UTC] PHP Warning:  Invalid argument supplied for foreach() in C:\Users\sej\Local Sites\wordpress-for-beginners-tutorials\app\public\wp-admin\includes\theme.php on line 586
[02-Dec-2020 06:41:57 UTC] PHP Stack trace:
[02-Dec-2020 06:41:57 UTC] PHP   1. {main}() C:\Users\sej\Local Sites\wordpress-for-beginners-tutorials\app\public\wp-admin\admin-ajax.php:0
[02-Dec-2020 06:41:57 UTC] PHP   2. do_action() C:\Users\sej\Local Sites\wordpress-for-beginners-tutorials\app\public\wp-admin\admin-ajax.php:176
[02-Dec-2020 06:41:57 UTC] PHP   3. WP_Hook->do_action() C:\Users\sej\Local Sites\wordpress-for-beginners-tutorials\app\public\wp-includes\plugin.php:478
[02-Dec-2020 06:41:57 UTC] PHP   4. WP_Hook->apply_filters() C:\Users\sej\Local Sites\wordpress-for-beginners-tutorials\app\public\wp-includes\class-wp-hook.php:311
[02-Dec-2020 06:41:57 UTC] PHP   5. wp_ajax_query_themes() C:\Users\sej\Local Sites\wordpress-for-beginners-tutorials\app\public\wp-includes\class-wp-hook.php:287
[02-Dec-2020 06:41:57 UTC] PHP   6. themes_api() C:\Users\sej\Local Sites\wordpress-for-beginners-tutorials\app\public\wp-admin\includes\ajax-actions.php:3537
[02-Dec-2020 06:41:59 UTC] PHP Warning:  An unexpected error occurred. Something may be wrong with WordPress.org or this server&#8217;s configuration. If you continue to have problems, please try the <a href="https://wordpress.org/support/forums/">support forums</a>. (WordPress could not establish a secure connection to WordPress.org. Please contact your server administrator.) in C:\Users\sej\Local Sites\wordpress-for-beginners-tutorials\app\public\wp-includes\update.php on line 168
[02-Dec-2020 06:41:59 UTC] PHP Stack trace:
[02-Dec-2020 06:41:59 UTC] PHP   1. {main}() C:\Users\sej\Local Sites\wordpress-for-beginners-tutorials\app\public\wp-admin\update.php:0
[02-Dec-2020 06:41:59 UTC] PHP   2. Theme_Upgrader->install() C:\Users\sej\Local Sites\wordpress-for-beginners-tutorials\app\public\wp-admin\update.php:314
[02-Dec-2020 06:41:59 UTC] PHP   3. Theme_Upgrader->run() C:\Users\sej\Local Sites\wordpress-for-beginners-tutorials\app\public\wp-admin\includes\class-theme-upgrader.php:250
[02-Dec-2020 06:41:59 UTC] PHP   4. do_action() C:\Users\sej\Local Sites\wordpress-for-beginners-tutorials\app\public\wp-admin\includes\class-wp-upgrader.php:847
[02-Dec-2020 06:41:59 UTC] PHP   5. WP_Hook->do_action() C:\Users\sej\Local Sites\wordpress-for-beginners-tutorials\app\public\wp-includes\plugin.php:478
[02-Dec-2020 06:42:00 UTC] PHP   6. WP_Hook->apply_filters() C:\Users\sej\Local Sites\wordpress-for-beginners-tutorials\app\public\wp-includes\class-wp-hook.php:311
[02-Dec-2020 06:42:00 UTC] PHP   7. wp_version_check() C:\Users\sej\Local Sites\wordpress-for-beginners-tutorials\app\public\wp-includes\class-wp-hook.php:285
[02-Dec-2020 06:42:00 UTC] PHP   8. trigger_error() C:\Users\sej\Local Sites\wordpress-for-beginners-tutorials\app\public\wp-includes\update.php:168
[02-Dec-2020 06:42:06 UTC] PHP Warning:  An unexpected error occurred. Something may be wrong with WordPress.org or this server&#8217;s configuration. If you continue to have problems, please try the <a href="https://wordpress.org/support/forums/">support forums</a>. (WordPress could not establish a secure connection to WordPress.org. Please contact your server administrator.) in C:\Users\sej\Local Sites\wordpress-for-beginners-tutorials\app\public\wp-includes\update.php on line 607
[02-Dec-2020 06:42:06 UTC] PHP Stack trace:
[02-Dec-2020 06:42:06 UTC] PHP   1. {main}() C:\Users\sej\Local Sites\wordpress-for-beginners-tutorials\app\public\wp-admin\update.php:0
[02-Dec-2020 06:42:06 UTC] PHP   2. Theme_Upgrader->install() C:\Users\sej\Local Sites\wordpress-for-beginners-tutorials\app\public\wp-admin\update.php:314
[02-Dec-2020 06:42:06 UTC] PHP   3. Theme_Upgrader->run() C:\Users\sej\Local Sites\wordpress-for-beginners-tutorials\app\public\wp-admin\includes\class-theme-upgrader.php:250
[02-Dec-2020 06:42:06 UTC] PHP   4. do_action() C:\Users\sej\Local Sites\wordpress-for-beginners-tutorials\app\public\wp-admin\includes\class-wp-upgrader.php:847
[02-Dec-2020 06:42:06 UTC] PHP   5. WP_Hook->do_action() C:\Users\sej\Local Sites\wordpress-for-beginners-tutorials\app\public\wp-includes\plugin.php:478
[02-Dec-2020 06:42:06 UTC] PHP   6. WP_Hook->apply_filters() C:\Users\sej\Local Sites\wordpress-for-beginners-tutorials\app\public\wp-includes\class-wp-hook.php:311
[02-Dec-2020 06:42:06 UTC] PHP   7. wp_update_themes() C:\Users\sej\Local Sites\wordpress-for-beginners-tutorials\app\public\wp-includes\class-wp-hook.php:285
[02-Dec-2020 06:42:06 UTC] PHP   8. trigger_error() C:\Users\sej\Local Sites\wordpress-for-beginners-tutorials\app\public\wp-includes\update.php:607
[11-Dec-2020 05:18:15 UTC] PHP Warning:  Failed loading Zend extension 'php_opcache.dll' (tried: C:/Users/sej/AppData/Local/Programs/Local/resources/extraResources/lightning-services/php-7.3.5+10/bin/win64/ext\php_opcache.dll (The specified module could not be found.), C:/Users/sej/AppData/Local/Programs/Local/resources/extraResources/lightning-services/php-7.3.5+10/bin/win64/ext\php_php_opcache.dll.dll (The specified module could not be found.)) in Unknown on line 0
[11-Dec-2020 05:18:15 UTC] PHP Warning:  Failed loading Zend extension 'php_xdebug.dll' (tried: C:/Users/sej/AppData/Local/Programs/Local/resources/extraResources/lightning-services/php-7.3.5+10/bin/win64/ext\php_xdebug.dll (The specified module could not be found.), C:/Users/sej/AppData/Local/Programs/Local/resources/extraResources/lightning-services/php-7.3.5+10/bin/win64/ext\php_php_xdebug.dll.dll (The specified module could not be found.)) in Unknown on line 0
[11-Dec-2020 05:18:15 UTC] PHP Warning:  PHP Startup: Unable to load dynamic library 'php_curl.dll' (tried: C:/Users/sej/AppData/Local/Programs/Local/resources/extraResources/lightning-services/php-7.3.5+10/bin/win64/ext\php_curl.dll (The specified module could not be found.), C:/Users/sej/AppData/Local/Programs/Local/resources/extraResources/lightning-services/php-7.3.5+10/bin/win64/ext\php_php_curl.dll.dll (The specified module could not be found.)) in Unknown on line 0
[11-Dec-2020 05:18:15 UTC] PHP Warning:  Failed loading Zend extension 'php_opcache.dll' (tried: C:/Users/sej/AppData/Local/Programs/Local/resources/extraResources/lightning-services/php-7.3.5+10/bin/win64/ext\php_opcache.dll (The specified module could not be found.), C:/Users/sej/AppData/Local/Programs/Local/resources/extraResources/lightning-services/php-7.3.5+10/bin/win64/ext\php_php_opcache.dll.dll (The specified module could not be found.)) in Unknown on line 0
[11-Dec-2020 05:18:15 UTC] PHP Warning:  Failed loading Zend extension 'php_xdebug.dll' (tried: C:/Users/sej/AppData/Local/Programs/Local/resources/extraResources/lightning-services/php-7.3.5+10/bin/win64/ext\php_xdebug.dll (The specified module could not be found.), C:/Users/sej/AppData/Local/Programs/Local/resources/extraResources/lightning-services/php-7.3.5+10/bin/win64/ext\php_php_xdebug.dll.dll (The specified module could not be found.)) in Unknown on line 0
[11-Dec-2020 05:18:15 UTC] PHP Warning:  PHP Startup: Unable to load dynamic library 'php_gettext.dll' (tried: C:/Users/sej/AppData/Local/Programs/Local/resources/extraResources/lightning-services/php-7.3.5+10/bin/win64/ext\php_gettext.dll (The specified module could not be found.), C:/Users/sej/AppData/Local/Programs/Local/resources/extraResources/lightning-services/php-7.3.5+10/bin/win64/ext\php_php_gettext.dll.dll (The specified module could not be found.)) in Unknown on line 0
[11-Dec-2020 05:18:15 UTC] PHP Warning:  PHP Startup: Unable to load dynamic library 'php_curl.dll' (tried: C:/Users/sej/AppData/Local/Programs/Local/resources/extraResources/lightning-services/php-7.3.5+10/bin/win64/ext\php_curl.dll (The specified module could not be found.), C:/Users/sej/AppData/Local/Programs/Local/resources/extraResources/lightning-services/php-7.3.5+10/bin/win64/ext\php_php_curl.dll.dll (The specified module could not be found.)) in Unknown on line 0
[11-Dec-2020 05:18:15 UTC] PHP Warning:  PHP Startup: Unable to load dynamic library 'php_openssl.dll' (tried: C:/Users/sej/AppData/Local/Programs/Local/resources/extraResources/lightning-services/php-7.3.5+10/bin/win64/ext\php_openssl.dll (The specified module could not be found.), C:/Users/sej/AppData/Local/Programs/Local/resources/extraResources/lightning-services/php-7.3.5+10/bin/win64/ext\php_php_openssl.dll.dll (The specified module could not be found.)) in Unknown on line 0
[11-Dec-2020 05:18:15 UTC] PHP Warning:  PHP Startup: Unable to load dynamic library 'php_gettext.dll' (tried: C:/Users/sej/AppData/Local/Programs/Local/resources/extraResources/lightning-services/php-7.3.5+10/bin/win64/ext\php_gettext.dll (The specified module could not be found.), C:/Users/sej/AppData/Local/Programs/Local/resources/extraResources/lightning-services/php-7.3.5+10/bin/win64/ext\php_php_gettext.dll.dll (The specified module could not be found.)) in Unknown on line 0
[11-Dec-2020 05:18:15 UTC] PHP Warning:  PHP Startup: Unable to load dynamic library 'php_exif.dll' (tried: C:/Users/sej/AppData/Local/Programs/Local/resources/extraResources/lightning-services/php-7.3.5+10/bin/win64/ext\php_exif.dll (The specified module could not be found.), C:/Users/sej/AppData/Local/Programs/Local/resources/extraResources/lightning-services/php-7.3.5+10/bin/win64/ext\php_php_exif.dll.dll (The specified module could not be found.)) in Unknown on line 0
[11-Dec-2020 05:18:15 UTC] PHP Warning:  PHP Startup: Unable to load dynamic library 'php_openssl.dll' (tried: C:/Users/sej/AppData/Local/Programs/Local/resources/extraResources/lightning-services/php-7.3.5+10/bin/win64/ext\php_openssl.dll (The specified module could not be found.), C:/Users/sej/AppData/Local/Programs/Local/resources/extraResources/lightning-services/php-7.3.5+10/bin/win64/ext\php_php_openssl.dll.dll (The specified module could not be found.)) in Unknown on line 0
[11-Dec-2020 05:18:15 UTC] PHP Warning:  PHP Startup: Unable to load dynamic library 'php_gd2.dll' (tried: C:/Users/sej/AppData/Local/Programs/Local/resources/extraResources/lightning-services/php-7.3.5+10/bin/win64/ext\php_gd2.dll (The specified module could not be found.), C:/Users/sej/AppData/Local/Programs/Local/resources/extraResources/lightning-services/php-7.3.5+10/bin/win64/ext\php_php_gd2.dll.dll (The specified module could not be found.)) in Unknown on line 0
[11-Dec-2020 05:18:15 UTC] PHP Warning:  PHP Startup: Unable to load dynamic library 'php_exif.dll' (tried: C:/Users/sej/AppData/Local/Programs/Local/resources/extraResources/lightning-services/php-7.3.5+10/bin/win64/ext\php_exif.dll (The specified module could not be found.), C:/Users/sej/AppData/Local/Programs/Local/resources/extraResources/lightning-services/php-7.3.5+10/bin/win64/ext\php_php_exif.dll.dll (The specified module could not be found.)) in Unknown on line 0
[11-Dec-2020 05:18:15 UTC] PHP Warning:  PHP Startup: Unable to load dynamic library 'php_ftp.dll' (tried: C:/Users/sej/AppData/Local/Programs/Local/resources/extraResources/lightning-services/php-7.3.5+10/bin/win64/ext\php_ftp.dll (The specified module could not be found.), C:/Users/sej/AppData/Local/Programs/Local/resources/extraResources/lightning-services/php-7.3.5+10/bin/win64/ext\php_php_ftp.dll.dll (The specified module could not be found.)) in Unknown on line 0
[11-Dec-2020 05:18:15 UTC] PHP Warning:  PHP Startup: Unable to load dynamic library 'php_gd2.dll' (tried: C:/Users/sej/AppData/Local/Programs/Local/resources/extraResources/lightning-services/php-7.3.5+10/bin/win64/ext\php_gd2.dll (The specified module could not be found.), C:/Users/sej/AppData/Local/Programs/Local/resources/extraResources/lightning-services/php-7.3.5+10/bin/win64/ext\php_php_gd2.dll.dll (The specified module could not be found.)) in Unknown on line 0
[11-Dec-2020 05:18:15 UTC] PHP Warning:  PHP Startup: Unable to load dynamic library 'php_imap.dll' (tried: C:/Users/sej/AppData/Local/Programs/Local/resources/extraResources/lightning-services/php-7.3.5+10/bin/win64/ext\php_imap.dll (The specified module could not be found.), C:/Users/sej/AppData/Local/Programs/Local/resources/extraResources/lightning-services/php-7.3.5+10/bin/win64/ext\php_php_imap.dll.dll (The specified module could not be found.)) in Unknown on line 0
[11-Dec-2020 05:18:15 UTC] PHP Warning:  PHP Startup: Unable to load dynamic library 'php_ftp.dll' (tried: C:/Users/sej/AppData/Local/Programs/Local/resources/extraResources/lightning-services/php-7.3.5+10/bin/win64/ext\php_ftp.dll (The specified module could not be found.), C:/Users/sej/AppData/Local/Programs/Local/resources/extraResources/lightning-services/php-7.3.5+10/bin/win64/ext\php_php_ftp.dll.dll (The specified module could not be found.)) in Unknown on line 0
[11-Dec-2020 05:18:15 UTC] PHP Warning:  PHP Startup: Unable to load dynamic library 'php_bz2.dll' (tried: C:/Users/sej/AppData/Local/Programs/Local/resources/extraResources/lightning-services/php-7.3.5+10/bin/win64/ext\php_bz2.dll (The specified module could not be found.), C:/Users/sej/AppData/Local/Programs/Local/resources/extraResources/lightning-services/php-7.3.5+10/bin/win64/ext\php_php_bz2.dll.dll (The specified module could not be found.)) in Unknown on line 0
[11-Dec-2020 05:18:15 UTC] PHP Warning:  PHP Startup: Unable to load dynamic library 'php_imap.dll' (tried: C:/Users/sej/AppData/Local/Programs/Local/resources/extraResources/lightning-services/php-7.3.5+10/bin/win64/ext\php_imap.dll (The specified module could not be found.), C:/Users/sej/AppData/Local/Programs/Local/resources/extraResources/lightning-services/php-7.3.5+10/bin/win64/ext\php_php_imap.dll.dll (The specified module could not be found.)) in Unknown on line 0
[11-Dec-2020 05:18:15 UTC] PHP Warning:  PHP Startup: Unable to load dynamic library 'php_mbstring.dll' (tried: C:/Users/sej/AppData/Local/Programs/Local/resources/extraResources/lightning-services/php-7.3.5+10/bin/win64/ext\php_mbstring.dll (The specified module could not be found.), C:/Users/sej/AppData/Local/Programs/Local/resources/extraResources/lightning-services/php-7.3.5+10/bin/win64/ext\php_php_mbstring.dll.dll (The specified module could not be found.)) in Unknown on line 0
[11-Dec-2020 05:18:15 UTC] PHP Warning:  PHP Startup: Unable to load dynamic library 'php_bz2.dll' (tried: C:/Users/sej/AppData/Local/Programs/Local/resources/extraResources/lightning-services/php-7.3.5+10/bin/win64/ext\php_bz2.dll (The specified module could not be found.), C:/Users/sej/AppData/Local/Programs/Local/resources/extraResources/lightning-services/php-7.3.5+10/bin/win64/ext\php_php_bz2.dll.dll (The specified module could not be found.)) in Unknown on line 0
[11-Dec-2020 05:18:15 UTC] PHP Warning:  PHP Startup: Unable to load dynamic library 'php_sodium.dll' (tried: C:/Users/sej/AppData/Local/Programs/Local/resources/extraResources/lightning-services/php-7.3.5+10/bin/win64/ext\php_sodium.dll (The specified module could not be found.), C:/Users/sej/AppData/Local/Programs/Local/resources/extraResources/lightning-services/php-7.3.5+10/bin/win64/ext\php_php_sodium.dll.dll (The specified module could not be found.)) in Unknown on line 0
[11-Dec-2020 05:18:15 UTC] PHP Warning:  PHP Startup: Unable to load dynamic library 'php_tidy.dll' (tried: C:/Users/sej/AppData/Local/Programs/Local/resources/extraResources/lightning-services/php-7.3.5+10/bin/win64/ext\php_tidy.dll (The specified module could not be found.), C:/Users/sej/AppData/Local/Programs/Local/resources/extraResources/lightning-services/php-7.3.5+10/bin/win64/ext\php_php_tidy.dll.dll (The specified module could not be found.)) in Unknown on line 0
[11-Dec-2020 05:18:15 UTC] PHP Warning:  PHP Startup: Unable to load dynamic library 'php_mbstring.dll' (tried: C:/Users/sej/AppData/Local/Programs/Local/resources/extraResources/lightning-services/php-7.3.5+10/bin/win64/ext\php_mbstring.dll (The specified module could not be found.), C:/Users/sej/AppData/Local/Programs/Local/resources/extraResources/lightning-services/php-7.3.5+10/bin/win64/ext\php_php_mbstring.dll.dll (The specified module could not be found.)) in Unknown on line 0
[11-Dec-2020 05:18:15 UTC] PHP Warning:  PHP Startup: Unable to load dynamic library 'php_xsl.dll' (tried: C:/Users/sej/AppData/Local/Programs/Local/resources/extraResources/lightning-services/php-7.3.5+10/bin/win64/ext\php_xsl.dll (The specified module could not be found.), C:/Users/sej/AppData/Local/Programs/Local/resources/extraResources/lightning-services/php-7.3.5+10/bin/win64/ext\php_php_xsl.dll.dll (The specified module could not be found.)) in Unknown on line 0
[11-Dec-2020 05:18:15 UTC] PHP Warning:  PHP Startup: Unable to load dynamic library 'php_sodium.dll' (tried: C:/Users/sej/AppData/Local/Programs/Local/resources/extraResources/lightning-services/php-7.3.5+10/bin/win64/ext\php_sodium.dll (The specified module could not be found.), C:/Users/sej/AppData/Local/Programs/Local/resources/extraResources/lightning-services/php-7.3.5+10/bin/win64/ext\php_php_sodium.dll.dll (The specified module could not be found.)) in Unknown on line 0
[11-Dec-2020 05:18:15 UTC] PHP Warning:  PHP Startup: Unable to load dynamic library 'php_xmlrpc.dll' (tried: C:/Users/sej/AppData/Local/Programs/Local/resources/extraResources/lightning-services/php-7.3.5+10/bin/win64/ext\php_xmlrpc.dll (The specified module could not be found.), C:/Users/sej/AppData/Local/Programs/Local/resources/extraResources/lightning-services/php-7.3.5+10/bin/win64/ext\php_php_xmlrpc.dll.dll (The specified module could not be found.)) in Unknown on line 0
[11-Dec-2020 05:18:15 UTC] PHP Warning:  PHP Startup: Unable to load dynamic library 'php_tidy.dll' (tried: C:/Users/sej/AppData/Local/Programs/Local/resources/extraResources/lightning-services/php-7.3.5+10/bin/win64/ext\php_tidy.dll (The specified module could not be found.), C:/Users/sej/AppData/Local/Programs/Local/resources/extraResources/lightning-services/php-7.3.5+10/bin/win64/ext\php_php_tidy.dll.dll (The specified module could not be found.)) in Unknown on line 0
[11-Dec-2020 05:18:15 UTC] PHP Warning:  PHP Startup: Unable to load dynamic library 'php_soap.dll' (tried: C:/Users/sej/AppData/Local/Programs/Local/resources/extraResources/lightning-services/php-7.3.5+10/bin/win64/ext\php_soap.dll (The specified module could not be found.), C:/Users/sej/AppData/Local/Programs/Local/resources/extraResources/lightning-services/php-7.3.5+10/bin/win64/ext\php_php_soap.dll.dll (The specified module could not be found.)) in Unknown on line 0
[11-Dec-2020 05:18:15 UTC] PHP Warning:  PHP Startup: Unable to load dynamic library 'php_xsl.dll' (tried: C:/Users/sej/AppData/Local/Programs/Local/resources/extraResources/lightning-services/php-7.3.5+10/bin/win64/ext\php_xsl.dll (The specified module could not be found.), C:/Users/sej/AppData/Local/Programs/Local/resources/extraResources/lightning-services/php-7.3.5+10/bin/win64/ext\php_php_xsl.dll.dll (The specified module could not be found.)) in Unknown on line 0
[11-Dec-2020 05:18:15 UTC] PHP Warning:  PHP Startup: Unable to load dynamic library 'php_mysqli.dll' (tried: C:/Users/sej/AppData/Local/Programs/Local/resources/extraResources/lightning-services/php-7.3.5+10/bin/win64/ext\php_mysqli.dll (The specified module could not be found.), C:/Users/sej/AppData/Local/Programs/Local/resources/extraResources/lightning-services/php-7.3.5+10/bin/win64/ext\php_php_mysqli.dll.dll (The specified module could not be found.)) in Unknown on line 0
[11-Dec-2020 05:18:15 UTC] PHP Warning:  PHP Startup: Unable to load dynamic library 'php_xmlrpc.dll' (tried: C:/Users/sej/AppData/Local/Programs/Local/resources/extraResources/lightning-services/php-7.3.5+10/bin/win64/ext\php_xmlrpc.dll (The specified module could not be found.), C:/Users/sej/AppData/Local/Programs/Local/resources/extraResources/lightning-services/php-7.3.5+10/bin/win64/ext\php_php_xmlrpc.dll.dll (The specified module could not be found.)) in Unknown on line 0
[11-Dec-2020 05:18:15 UTC] PHP Warning:  PHP Startup: Unable to load dynamic library 'php_soap.dll' (tried: C:/Users/sej/AppData/Local/Programs/Local/resources/extraResources/lightning-services/php-7.3.5+10/bin/win64/ext\php_soap.dll (The specified module could not be found.), C:/Users/sej/AppData/Local/Programs/Local/resources/extraResources/lightning-services/php-7.3.5+10/bin/win64/ext\php_php_soap.dll.dll (The specified module could not be found.)) in Unknown on line 0
[11-Dec-2020 05:18:15 UTC] PHP Warning:  PHP Startup: Unable to load dynamic library 'php_pdo_mysql.dll' (tried: C:/Users/sej/AppData/Local/Programs/Local/resources/extraResources/lightning-services/php-7.3.5+10/bin/win64/ext\php_pdo_mysql.dll (The specified module could not be found.), C:/Users/sej/AppData/Local/Programs/Local/resources/extraResources/lightning-services/php-7.3.5+10/bin/win64/ext\php_php_pdo_mysql.dll.dll (The specified module could not be found.)) in Unknown on line 0
[11-Dec-2020 05:18:15 UTC] PHP Warning:  PHP Startup: Unable to load dynamic library 'php_mysqli.dll' (tried: C:/Users/sej/AppData/Local/Programs/Local/resources/extraResources/lightning-services/php-7.3.5+10/bin/win64/ext\php_mysqli.dll (The specified module could not be found.), C:/Users/sej/AppData/Local/Programs/Local/resources/extraResources/lightning-services/php-7.3.5+10/bin/win64/ext\php_php_mysqli.dll.dll (The specified module could not be found.)) in Unknown on line 0
[11-Dec-2020 05:18:15 UTC] PHP Warning:  PHP Startup: Unable to load dynamic library 'php_pdo_mysql.dll' (tried: C:/Users/sej/AppData/Local/Programs/Local/resources/extraResources/lightning-services/php-7.3.5+10/bin/win64/ext\php_pdo_mysql.dll (The specified module could not be found.), C:/Users/sej/AppData/Local/Programs/Local/resources/extraResources/lightning-services/php-7.3.5+10/bin/win64/ext\php_php_pdo_mysql.dll.dll (The specified module could not be found.)) in Unknown on line 0
[11-Dec-2020 05:18:15 UTC] PHP Warning:  Unknown: failed to open stream: No such file or directory in Unknown on line 0
[11-Dec-2020 05:18:15 UTC] PHP Fatal error:  Unknown: Failed opening required 'C:/Users/sej/AppData/Local/Programs/Local/resources/extraResources/local-bootstrap.php' (include_path='.:/usr/share/php:/www/wp-content/pear') in Unknown on line 0
[11-Dec-2020 05:18:15 UTC] PHP Warning:  Unknown: failed to open stream: No such file or directory in Unknown on line 0
[11-Dec-2020 05:18:15 UTC] PHP Fatal error:  Unknown: Failed opening required 'C:/Users/sej/AppData/Local/Programs/Local/resources/extraResources/local-bootstrap.php' (include_path='.:/usr/share/php:/www/wp-content/pear') in Unknown on line 0
[11-Dec-2020 05:18:35 UTC] PHP Warning:  Declaration of WP_CLI\Core\CoreUpgrader::download_package($package, $check_signatures = true) should be compatible with WP_Upgrader::download_package($package, $check_signatures = false, $hook_extra = Array) in phar://C:/Program Files (x86)/Local/resources/extraResources/bin/wp-cli/wp-cli.phar/vendor/wp-cli/core-command/src/WP_CLI/Core/CoreUpgrader.php on line 0
[11-Dec-2020 05:18:35 UTC] PHP Stack trace:
[11-Dec-2020 05:18:35 UTC] PHP   1. {main}() C:\Program Files (x86)\Local\resources\extraResources\bin\wp-cli\wp-cli.phar:0
[11-Dec-2020 05:18:35 UTC] PHP   2. include() C:\Program Files (x86)\Local\resources\extraResources\bin\wp-cli\wp-cli.phar:4
[11-Dec-2020 05:18:35 UTC] PHP   3. include() phar://C:/Program Files (x86)/Local/resources/extraResources/bin/wp-cli/wp-cli.phar/php/boot-phar.php:11
[11-Dec-2020 05:18:35 UTC] PHP   4. WP_CLI\bootstrap() phar://C:/Program Files (x86)/Local/resources/extraResources/bin/wp-cli/wp-cli.phar/vendor/wp-cli/wp-cli/php/wp-cli.php:27
[11-Dec-2020 05:18:35 UTC] PHP   5. WP_CLI\Bootstrap\LaunchRunner->process() phar://C:/Program Files (x86)/Local/resources/extraResources/bin/wp-cli/wp-cli.phar/vendor/wp-cli/wp-cli/php/bootstrap.php:74
[11-Dec-2020 05:18:35 UTC] PHP   6. WP_CLI\Runner->start() phar://C:/Program Files (x86)/Local/resources/extraResources/bin/wp-cli/wp-cli.phar/vendor/wp-cli/wp-cli/php/WP_CLI/Bootstrap/LaunchRunner.php:23
[11-Dec-2020 05:18:35 UTC] PHP   7. WP_CLI\Runner->run_command_and_exit() phar://C:/Program Files (x86)/Local/resources/extraResources/bin/wp-cli/wp-cli.phar/vendor/wp-cli/wp-cli/php/WP_CLI/Runner.php:1160
[11-Dec-2020 05:18:35 UTC] PHP   8. WP_CLI\Runner->run_command() phar://C:/Program Files (x86)/Local/resources/extraResources/bin/wp-cli/wp-cli.phar/vendor/wp-cli/wp-cli/php/WP_CLI/Runner.php:394
[11-Dec-2020 05:18:35 UTC] PHP   9. WP_CLI\Dispatcher\Subcommand->invoke() phar://C:/Program Files (x86)/Local/resources/extraResources/bin/wp-cli/wp-cli.phar/vendor/wp-cli/wp-cli/php/WP_CLI/Runner.php:371
[11-Dec-2020 05:18:35 UTC] PHP  10. call_user_func:{phar://C:/Program Files (x86)/Local/resources/extraResources/bin/wp-cli/wp-cli.phar/vendor/wp-cli/wp-cli/php/WP_CLI/Dispatcher/Subcommand.php:451}() phar://C:/Program Files (x86)/Local/resources/extraResources/bin/wp-cli/wp-cli.phar/vendor/wp-cli/wp-cli/php/WP_CLI/Dispatcher/Subcommand.php:451
[11-Dec-2020 05:18:35 UTC] PHP  11. WP_CLI\Dispatcher\CommandFactory::WP_CLI\Dispatcher\{closure:phar://C:/Program Files (x86)/Local/resources/extraResources/bin/wp-cli/wp-cli.phar/vendor/wp-cli/wp-cli/php/WP_CLI/Dispatcher/CommandFactory.php:95-102}() phar://C:/Program Files (x86)/Local/resources/extraResources/bin/wp-cli/wp-cli.phar/vendor/wp-cli/wp-cli/php/WP_CLI/Dispatcher/Subcommand.php:451
[11-Dec-2020 05:18:35 UTC] PHP  12. call_user_func:{phar://C:/Program Files (x86)/Local/resources/extraResources/bin/wp-cli/wp-cli.phar/vendor/wp-cli/wp-cli/php/WP_CLI/Dispatcher/CommandFactory.php:98}() phar://C:/Program Files (x86)/Local/resources/extraResources/bin/wp-cli/wp-cli.phar/vendor/wp-cli/wp-cli/php/WP_CLI/Dispatcher/CommandFactory.php:98
[11-Dec-2020 05:18:35 UTC] PHP  13. Core_Command->update() phar://C:/Program Files (x86)/Local/resources/extraResources/bin/wp-cli/wp-cli.phar/vendor/wp-cli/wp-cli/php/WP_CLI/Dispatcher/CommandFactory.php:98
[11-Dec-2020 05:18:35 UTC] PHP  14. WP_CLI\Utils\get_upgrader() phar://C:/Program Files (x86)/Local/resources/extraResources/bin/wp-cli/wp-cli.phar/vendor/wp-cli/core-command/src/Core_Command.php:1138
[11-Dec-2020 05:18:35 UTC] PHP  15. spl_autoload_call() phar://C:/Program Files (x86)/Local/resources/extraResources/bin/wp-cli/wp-cli.phar/vendor/wp-cli/wp-cli/php/utils-wp.php:139
[11-Dec-2020 05:18:35 UTC] PHP  16. Composer\Autoload\ClassLoader->loadClass() phar://C:/Program Files (x86)/Local/resources/extraResources/bin/wp-cli/wp-cli.phar/vendor/wp-cli/wp-cli/php/utils-wp.php:139
[11-Dec-2020 05:18:35 UTC] PHP  17. Composer\Autoload\includeFile() phar://C:/Program Files (x86)/Local/resources/extraResources/bin/wp-cli/wp-cli.phar/vendor/composer/ClassLoader.php:322
[23-Apr-2021 00:42:59 UTC] PHP Warning:  call_user_func_array() expects parameter 1 to be a valid callback, function 'pluginprefix_function_to_run' not found or invalid function name in C:\Users\sej\Local Sites\wordpress-for-beginners-tutorials\app\public\wp-includes\class-wp-hook.php on line 287
[23-Apr-2021 00:42:59 UTC] PHP Stack trace:
[23-Apr-2021 00:42:59 UTC] PHP   1. {main}() C:\Users\sej\Local Sites\wordpress-for-beginners-tutorials\app\public\wp-admin\plugins.php:0
[23-Apr-2021 00:42:59 UTC] PHP   2. deactivate_plugins() C:\Users\sej\Local Sites\wordpress-for-beginners-tutorials\app\public\wp-admin\plugins.php:208
[23-Apr-2021 00:42:59 UTC] PHP   3. do_action() C:\Users\sej\Local Sites\wordpress-for-beginners-tutorials\app\public\wp-admin\includes\plugin.php:821
[23-Apr-2021 00:42:59 UTC] PHP   4. WP_Hook->do_action() C:\Users\sej\Local Sites\wordpress-for-beginners-tutorials\app\public\wp-includes\plugin.php:478
[23-Apr-2021 00:42:59 UTC] PHP   5. WP_Hook->apply_filters() C:\Users\sej\Local Sites\wordpress-for-beginners-tutorials\app\public\wp-includes\class-wp-hook.php:311
[23-Apr-2021 00:43:09 UTC] PHP Warning:  call_user_func_array() expects parameter 1 to be a valid callback, function 'pluginprefix_function_to_run' not found or invalid function name in C:\Users\sej\Local Sites\wordpress-for-beginners-tutorials\app\public\wp-includes\class-wp-hook.php on line 287
[23-Apr-2021 00:43:09 UTC] PHP Stack trace:
[23-Apr-2021 00:43:09 UTC] PHP   1. {main}() C:\Users\sej\Local Sites\wordpress-for-beginners-tutorials\app\public\wp-admin\plugins.php:0
[23-Apr-2021 00:43:09 UTC] PHP   2. activate_plugin() C:\Users\sej\Local Sites\wordpress-for-beginners-tutorials\app\public\wp-admin\plugins.php:58
[23-Apr-2021 00:43:09 UTC] PHP   3. do_action() C:\Users\sej\Local Sites\wordpress-for-beginners-tutorials\app\public\wp-admin\includes\plugin.php:699
[23-Apr-2021 00:43:09 UTC] PHP   4. WP_Hook->do_action() C:\Users\sej\Local Sites\wordpress-for-beginners-tutorials\app\public\wp-includes\plugin.php:478
[23-Apr-2021 00:43:09 UTC] PHP   5. WP_Hook->apply_filters() C:\Users\sej\Local Sites\wordpress-for-beginners-tutorials\app\public\wp-includes\class-wp-hook.php:311
[29-Apr-2021 10:33:48 UTC] PHP Warning:  include(C:\Users\sej\Local Sites\wordpress-for-beginners-tutorials\app\public\wp-content\plugins\awesomeplugin/includes/wpplugin-options.php): failed to open stream: No such file or directory in C:\Users\sej\Local Sites\wordpress-for-beginners-tutorials\app\public\wp-content\plugins\awesomeplugin\awesomeplugin.php on line 17
[29-Apr-2021 10:33:48 UTC] PHP Stack trace:
[29-Apr-2021 10:33:48 UTC] PHP   1. {main}() C:\Users\sej\Local Sites\wordpress-for-beginners-tutorials\app\public\wp-admin\admin-ajax.php:0
[29-Apr-2021 10:33:48 UTC] PHP   2. require_once() C:\Users\sej\Local Sites\wordpress-for-beginners-tutorials\app\public\wp-admin\admin-ajax.php:22
[29-Apr-2021 10:33:48 UTC] PHP   3. require_once() C:\Users\sej\Local Sites\wordpress-for-beginners-tutorials\app\public\wp-load.php:37
[29-Apr-2021 10:33:48 UTC] PHP   4. require_once() C:\Users\sej\Local Sites\wordpress-for-beginners-tutorials\app\public\wp-config.php:77
[29-Apr-2021 10:33:48 UTC] PHP   5. include_once() C:\Users\sej\Local Sites\wordpress-for-beginners-tutorials\app\public\wp-settings.php:377
[29-Apr-2021 10:33:48 UTC] PHP Warning:  include(): Failed opening 'C:\Users\sej\Local Sites\wordpress-for-beginners-tutorials\app\public\wp-content\plugins\awesomeplugin/includes/wpplugin-options.php' for inclusion (include_path='.:/usr/share/php:/www/wp-content/pear') in C:\Users\sej\Local Sites\wordpress-for-beginners-tutorials\app\public\wp-content\plugins\awesomeplugin\awesomeplugin.php on line 17
[29-Apr-2021 10:33:48 UTC] PHP Stack trace:
[29-Apr-2021 10:33:48 UTC] PHP   1. {main}() C:\Users\sej\Local Sites\wordpress-for-beginners-tutorials\app\public\wp-admin\admin-ajax.php:0
[29-Apr-2021 10:33:48 UTC] PHP   2. require_once() C:\Users\sej\Local Sites\wordpress-for-beginners-tutorials\app\public\wp-admin\admin-ajax.php:22
[29-Apr-2021 10:33:48 UTC] PHP   3. require_once() C:\Users\sej\Local Sites\wordpress-for-beginners-tutorials\app\public\wp-load.php:37
[29-Apr-2021 10:33:48 UTC] PHP   4. require_once() C:\Users\sej\Local Sites\wordpress-for-beginners-tutorials\app\public\wp-config.php:77
[29-Apr-2021 10:33:48 UTC] PHP   5. include_once() C:\Users\sej\Local Sites\wordpress-for-beginners-tutorials\app\public\wp-settings.php:377
[29-Apr-2021 10:33:48 UTC] PHP Warning:  include(C:\Users\sej\Local Sites\wordpress-for-beginners-tutorials\app\public\wp-content\plugins\awesomeplugin\includes\wpplugin-options.php): failed to open stream: No such file or directory in C:\Users\sej\Local Sites\wordpress-for-beginners-tutorials\app\public\wp-content\plugins\awesomeplugin\awesomeplugin.php on line 17
[29-Apr-2021 10:33:48 UTC] PHP Stack trace:
[29-Apr-2021 10:33:48 UTC] PHP   1. {main}() C:\Users\sej\Local Sites\wordpress-for-beginners-tutorials\app\public\wp-cron.php:0
[29-Apr-2021 10:33:48 UTC] PHP   2. require_once() C:\Users\sej\Local Sites\wordpress-for-beginners-tutorials\app\public\wp-cron.php:44
[29-Apr-2021 10:33:48 UTC] PHP   3. require_once() C:\Users\sej\Local Sites\wordpress-for-beginners-tutorials\app\public\wp-load.php:37
[29-Apr-2021 10:33:48 UTC] PHP   4. require_once() C:\Users\sej\Local Sites\wordpress-for-beginners-tutorials\app\public\wp-config.php:77
[29-Apr-2021 10:33:48 UTC] PHP   5. include_once() C:\Users\sej\Local Sites\wordpress-for-beginners-tutorials\app\public\wp-settings.php:377
[29-Apr-2021 10:33:48 UTC] PHP Warning:  include(): Failed opening 'C:\Users\sej\Local Sites\wordpress-for-beginners-tutorials\app\public\wp-content\plugins\awesomeplugin/includes/wpplugin-options.php' for inclusion (include_path='.:/usr/share/php:/www/wp-content/pear') in C:\Users\sej\Local Sites\wordpress-for-beginners-tutorials\app\public\wp-content\plugins\awesomeplugin\awesomeplugin.php on line 17
[29-Apr-2021 10:33:48 UTC] PHP Stack trace:
[29-Apr-2021 10:33:48 UTC] PHP   1. {main}() C:\Users\sej\Local Sites\wordpress-for-beginners-tutorials\app\public\wp-cron.php:0
[29-Apr-2021 10:33:48 UTC] PHP   2. require_once() C:\Users\sej\Local Sites\wordpress-for-beginners-tutorials\app\public\wp-cron.php:44
[29-Apr-2021 10:33:48 UTC] PHP   3. require_once() C:\Users\sej\Local Sites\wordpress-for-beginners-tutorials\app\public\wp-load.php:37
[29-Apr-2021 10:33:48 UTC] PHP   4. require_once() C:\Users\sej\Local Sites\wordpress-for-beginners-tutorials\app\public\wp-config.php:77
[29-Apr-2021 10:33:48 UTC] PHP   5. include_once() C:\Users\sej\Local Sites\wordpress-for-beginners-tutorials\app\public\wp-settings.php:377
[29-Apr-2021 10:33:50 UTC] PHP Warning:  include(C:\Users\sej\Local Sites\wordpress-for-beginners-tutorials\app\public\wp-content\plugins\awesomeplugin/includes/wpplugin-options.php): failed to open stream: No such file or directory in C:\Users\sej\Local Sites\wordpress-for-beginners-tutorials\app\public\wp-content\plugins\awesomeplugin\awesomeplugin.php on line 17
[29-Apr-2021 10:33:50 UTC] PHP Stack trace:
[29-Apr-2021 10:33:50 UTC] PHP   1. {main}() C:\Users\sej\Local Sites\wordpress-for-beginners-tutorials\app\public\wp-admin\options-general.php:0
[29-Apr-2021 10:33:50 UTC] PHP   2. require_once() C:\Users\sej\Local Sites\wordpress-for-beginners-tutorials\app\public\wp-admin\options-general.php:10
[29-Apr-2021 10:33:50 UTC] PHP   3. require_once() C:\Users\sej\Local Sites\wordpress-for-beginners-tutorials\app\public\wp-admin\admin.php:34
[29-Apr-2021 10:33:50 UTC] PHP   4. require_once() C:\Users\sej\Local Sites\wordpress-for-beginners-tutorials\app\public\wp-load.php:37
[29-Apr-2021 10:33:50 UTC] PHP   5. require_once() C:\Users\sej\Local Sites\wordpress-for-beginners-tutorials\app\public\wp-config.php:77
[29-Apr-2021 10:33:50 UTC] PHP   6. include_once() C:\Users\sej\Local Sites\wordpress-for-beginners-tutorials\app\public\wp-settings.php:377
[29-Apr-2021 10:33:50 UTC] PHP Warning:  include(): Failed opening 'C:\Users\sej\Local Sites\wordpress-for-beginners-tutorials\app\public\wp-content\plugins\awesomeplugin/includes/wpplugin-options.php' for inclusion (include_path='.:/usr/share/php:/www/wp-content/pear') in C:\Users\sej\Local Sites\wordpress-for-beginners-tutorials\app\public\wp-content\plugins\awesomeplugin\awesomeplugin.php on line 17
[29-Apr-2021 10:33:50 UTC] PHP Stack trace:
[29-Apr-2021 10:33:50 UTC] PHP   1. {main}() C:\Users\sej\Local Sites\wordpress-for-beginners-tutorials\app\public\wp-admin\options-general.php:0
[29-Apr-2021 10:33:50 UTC] PHP   2. require_once() C:\Users\sej\Local Sites\wordpress-for-beginners-tutorials\app\public\wp-admin\options-general.php:10
[29-Apr-2021 10:33:50 UTC] PHP   3. require_once() C:\Users\sej\Local Sites\wordpress-for-beginners-tutorials\app\public\wp-admin\admin.php:34
[29-Apr-2021 10:33:50 UTC] PHP   4. require_once() C:\Users\sej\Local Sites\wordpress-for-beginners-tutorials\app\public\wp-load.php:37
[29-Apr-2021 10:33:50 UTC] PHP   5. require_once() C:\Users\sej\Local Sites\wordpress-for-beginners-tutorials\app\public\wp-config.php:77
[29-Apr-2021 10:33:50 UTC] PHP   6. include_once() C:\Users\sej\Local Sites\wordpress-for-beginners-tutorials\app\public\wp-settings.php:377
[29-Apr-2021 10:33:50 UTC] PHP Warning:  Cannot modify header information - headers already sent by (output started at C:\Users\sej\Local Sites\wordpress-for-beginners-tutorials\app\public\wp-content\plugins\awesomeplugin\awesomeplugin.php:17) in C:\Users\sej\Local Sites\wordpress-for-beginners-tutorials\app\public\wp-includes\functions.php on line 6274
[29-Apr-2021 10:33:50 UTC] PHP Stack trace:
[29-Apr-2021 10:33:50 UTC] PHP   1. {main}() C:\Users\sej\Local Sites\wordpress-for-beginners-tutorials\app\public\wp-admin\options-general.php:0
[29-Apr-2021 10:33:50 UTC] PHP   2. require_once() C:\Users\sej\Local Sites\wordpress-for-beginners-tutorials\app\public\wp-admin\options-general.php:10
[29-Apr-2021 10:33:50 UTC] PHP   3. do_action() C:\Users\sej\Local Sites\wordpress-for-beginners-tutorials\app\public\wp-admin\admin.php:175
[29-Apr-2021 10:33:50 UTC] PHP   4. WP_Hook->do_action() C:\Users\sej\Local Sites\wordpress-for-beginners-tutorials\app\public\wp-includes\plugin.php:478
[29-Apr-2021 10:33:50 UTC] PHP   5. WP_Hook->apply_filters() C:\Users\sej\Local Sites\wordpress-for-beginners-tutorials\app\public\wp-includes\class-wp-hook.php:311
[29-Apr-2021 10:33:50 UTC] PHP   6. send_frame_options_header() C:\Users\sej\Local Sites\wordpress-for-beginners-tutorials\app\public\wp-includes\class-wp-hook.php:285
[29-Apr-2021 10:33:50 UTC] PHP   7. header() C:\Users\sej\Local Sites\wordpress-for-beginners-tutorials\app\public\wp-includes\functions.php:6274
[29-Apr-2021 10:33:50 UTC] PHP Warning:  Cannot modify header information - headers already sent by (output started at C:\Users\sej\Local Sites\wordpress-for-beginners-tutorials\app\public\wp-content\plugins\awesomeplugin\awesomeplugin.php:17) in C:\Users\sej\Local Sites\wordpress-for-beginners-tutorials\app\public\wp-admin\includes\misc.php on line 1310
[29-Apr-2021 10:33:50 UTC] PHP Stack trace:
[29-Apr-2021 10:33:50 UTC] PHP   1. {main}() C:\Users\sej\Local Sites\wordpress-for-beginners-tutorials\app\public\wp-admin\options-general.php:0
[29-Apr-2021 10:33:50 UTC] PHP   2. require_once() C:\Users\sej\Local Sites\wordpress-for-beginners-tutorials\app\public\wp-admin\options-general.php:10
[29-Apr-2021 10:33:50 UTC] PHP   3. do_action() C:\Users\sej\Local Sites\wordpress-for-beginners-tutorials\app\public\wp-admin\admin.php:175
[29-Apr-2021 10:33:50 UTC] PHP   4. WP_Hook->do_action() C:\Users\sej\Local Sites\wordpress-for-beginners-tutorials\app\public\wp-includes\plugin.php:478
[29-Apr-2021 10:33:50 UTC] PHP   5. WP_Hook->apply_filters() C:\Users\sej\Local Sites\wordpress-for-beginners-tutorials\app\public\wp-includes\class-wp-hook.php:311
[29-Apr-2021 10:33:50 UTC] PHP   6. wp_admin_headers() C:\Users\sej\Local Sites\wordpress-for-beginners-tutorials\app\public\wp-includes\class-wp-hook.php:287
[29-Apr-2021 10:33:50 UTC] PHP   7. header() C:\Users\sej\Local Sites\wordpress-for-beginners-tutorials\app\public\wp-admin\includes\misc.php:1310
[29-Apr-2021 10:33:50 UTC] PHP Warning:  Cannot modify header information - headers already sent by (output started at C:\Users\sej\Local Sites\wordpress-for-beginners-tutorials\app\public\wp-content\plugins\awesomeplugin\awesomeplugin.php:17) in C:\Users\sej\Local Sites\wordpress-for-beginners-tutorials\app\public\wp-admin\admin-header.php on line 9
[29-Apr-2021 10:33:50 UTC] PHP Stack trace:
[29-Apr-2021 10:33:50 UTC] PHP   1. {main}() C:\Users\sej\Local Sites\wordpress-for-beginners-tutorials\app\public\wp-admin\options-general.php:0
[29-Apr-2021 10:33:50 UTC] PHP   2. require_once() C:\Users\sej\Local Sites\wordpress-for-beginners-tutorials\app\public\wp-admin\options-general.php:52
[29-Apr-2021 10:33:50 UTC] PHP   3. header() C:\Users\sej\Local Sites\wordpress-for-beginners-tutorials\app\public\wp-admin\admin-header.php:9
